[debug] [2020-12-21T16:04:47.870Z] ----------------------------------------------------------------------
[debug] [2020-12-21T16:04:47.875Z] Command:       F:\Program Files\Node\node.exe C:\Users\sound\AppData\Roaming\npm\node_modules\firebase-tools\lib\bin\firebase.js init
[debug] [2020-12-21T16:04:47.876Z] CLI Version:   8.11.2
[debug] [2020-12-21T16:04:47.876Z] Platform:      win32
[debug] [2020-12-21T16:04:47.876Z] Node Version:  v12.16.1
[debug] [2020-12-21T16:04:47.879Z] Time:          Mon Dec 21 2020 21:34:47 GMT+0530 (India Standard Time)
[debug] [2020-12-21T16:04:47.879Z] ----------------------------------------------------------------------
[debug] [2020-12-21T16:04:47.879Z] 
[debug] [2020-12-21T16:04:47.898Z] > command requires scopes: ["email","openid","https://www.googleapis.com/auth/cloudplatformprojects.readonly","https://www.googleapis.com/auth/firebase","https://www.googleapis.com/auth/cloud-platform"]
[debug] [2020-12-21T16:04:47.900Z] > authorizing via signed-in user
[info] 
     ######## #### ########  ######## ########     ###     ######  ########
     ##        ##  ##     ## ##       ##     ##  ##   ##  ##       ##
     ######    ##  ########  ######   ########  #########  ######  ######
     ##        ##  ##    ##  ##       ##     ## ##     ##       ## ##
     ##       #### ##     ## ######## ########  ##     ##  ######  ########

You're about to initialize a Firebase project in this directory:

  G:\Visual Studio Files\angular\my-portfolio\soundar-portfolio\src\app

[info] 
=== Project Setup
[info] 
[info] First, let's associate this project directory with a Firebase project.
[info] You can create multiple project aliases by running firebase use --add, 
[info] but for now we'll just set up a default project.
[info] 
[info] i  If you want to create a project in a Google Cloud organization or folder, please use "firebase projects:create" instead, and return to this command when you've created the project. 
